<?xml version="1.0" encoding="UTF-8"?>
<testng-results skipped="0" failed="0" total="1" passed="1">
  <reporter-output>
  </reporter-output>
  <suite name="Default suite" duration-ms="57813" started-at="2019-07-13T13:47:54Z" finished-at="2019-07-13T13:48:51Z">
    <groups>
    </groups>
    <test name="Default test" duration-ms="57813" started-at="2019-07-13T13:47:54Z" finished-at="2019-07-13T13:48:51Z">
      <class name="com.testautomation.selenium.screen.LoginScreen">
        <test-method status="PASS" signature="getChromeDriver()[pri:1, instance:com.testautomation.selenium.screen.LoginScreen@34340fab]" name="getChromeDriver" duration-ms="57773" started-at="2019-07-13T19:17:54Z" finished-at="2019-07-13T19:18:51Z">
          <reporter-output>
          </reporter-output>
        </test-method> <!-- getChromeDriver -->
      </class> <!-- com.testautomation.selenium.screen.LoginScreen -->
    </test> <!-- Default test -->
  </suite> <!-- Default suite -->
</testng-results>
